11:52:43:AM: DEBUG [cursorDelPool.py] :10 Entra with
11:52:43:AM: DEBUG [Conexion.py] :28 Creacion del pool <psycopg2.pool.SimpleConnectionPool object at 0x000001A1DC586750>
11:52:43:AM: DEBUG [Conexion.py] :38 Conexion obtendida <connection object at 0x000001A1DDFAD360; dsn: 'user=postgres password=xxx dbname=examen2 host=127.0.0.1 port=5432', closed: 0>
11:52:43:AM: DEBUG [cursorDelPool.py] :16 Sale with
11:52:43:AM: DEBUG [Conexion.py] :44 Conexion regresada:<connection object at 0x000001A1DDFAD360; dsn: 'user=postgres password=xxx dbname=examen2 host=127.0.0.1 port=5432', closed: 0>
11:52:43:AM: DEBUG [AnimalDAO.py] :60 
        Id: 1
        Raza: chihuahua
        Fecha de ingreso: 0023-11-06
        Fecha de salida: 0023-11-06
        
11:52:43:AM: DEBUG [AnimalDAO.py] :60 
        Id: 2
        Raza: bulldog
        Fecha de ingreso: 0023-11-01
        Fecha de salida: 0023-11-06
        
11:52:43:AM: DEBUG [AnimalDAO.py] :60 
        Id: 3
        Raza: pitbull
        Fecha de ingreso: 0023-11-01
        Fecha de salida: 0023-11-06
        
